<?xml version="1.0" encoding="UTF-8"?>
<!-- Generated by org.testng.reporters.JUnitReportReporter -->
<testsuite hostname="DESKTOP-EII4P66" failures="0" tests="1" name="pack1.VerifyPeopleIFollowPage" time="31.873" errors="0" timestamp="2022-09-17T12:01:34 IST" skipped="0">
  <testcase classname="pack1.VerifyPeopleIFollowPage" name="verifyPeopleIFollowLink" time="31.873"/>
  <system-out/>
</testsuite> <!-- pack1.VerifyPeopleIFollowPage -->
