<?xml version="1.0" encoding="UTF-8"?>
<!-- Generated by org.testng.reporters.JUnitReportReporter -->
<testsuite hostname="DESKTOP-EII4P66" failures="0" tests="1" name="tests.VerifyPagesPage" time="29.059" errors="0" timestamp="2022-09-23T11:22:06 IST" skipped="0">
  <testcase classname="tests.VerifyPagesPage" name="verifyPagesLink" time="29.059"/>
  <system-out/>
</testsuite> <!-- tests.VerifyPagesPage -->
