<?xml version="1.0" encoding="UTF-8"?>
<!-- Generated by org.testng.reporters.JUnitReportReporter -->
<testsuite hostname="DESKTOP-EII4P66" failures="0" tests="1" name="pack1.VerifyEventsPage" time="21.082" errors="0" timestamp="2022-09-17T12:01:34 IST" skipped="0">
  <testcase classname="pack1.VerifyEventsPage" name="verifyEventsLink" time="21.082"/>
  <system-out/>
</testsuite> <!-- pack1.VerifyEventsPage -->
