<?xml version="1.0" encoding="UTF-8"?>
<!-- Generated by org.testng.reporters.JUnitReportReporter -->
<testsuite hostname="DESKTOP-EII4P66" failures="0" tests="1" name="pack1.VerifyMyContactsPage" time="25.705" errors="0" timestamp="2022-09-16T10:52:29 IST" skipped="0">
  <testcase classname="pack1.VerifyMyContactsPage" name="verifyContactsLink" time="25.705"/>
  <system-out/>
</testsuite> <!-- pack1.VerifyMyContactsPage -->
