<?xml version="1.0" encoding="UTF-8"?>
<!-- Generated by org.testng.reporters.JUnitReportReporter -->
<testsuite hostname="DESKTOP-EII4P66" failures="0" tests="1" name="pack1.VerifyMyConnectionPage" time="26.638" errors="0" timestamp="2022-09-16T10:47:15 IST" skipped="0">
  <testcase classname="pack1.VerifyMyConnectionPage" name="verifyConnectionsLink" time="26.638"/>
  <system-out/>
</testsuite> <!-- pack1.VerifyMyConnectionPage -->
