<?xml version="1.0" encoding="UTF-8"?>
<!-- Generated by org.testng.reporters.JUnitReportReporter -->
<testsuite hostname="DESKTOP-EII4P66" failures="0" tests="1" name="tests.VerifyGroupsPage" time="23.187" errors="0" timestamp="2022-10-14T08:49:16 IST" skipped="0">
  <testcase classname="tests.VerifyGroupsPage" name="verifyGroupsLink" time="23.187"/>
  <system-out/>
</testsuite> <!-- tests.VerifyGroupsPage -->
