<?xml version="1.0" encoding="UTF-8"?>
<!-- Generated by org.testng.reporters.JUnitReportReporter -->
<testsuite hostname="DESKTOP-EII4P66" failures="0" tests="1" name="tests.VerifyHashtagPage" time="27.826" errors="0" timestamp="2022-09-23T11:33:52 IST" skipped="0">
  <testcase classname="tests.VerifyHashtagPage" name="verifyHashtagLink" time="27.826"/>
  <system-out/>
</testsuite> <!-- tests.VerifyHashtagPage -->
